2008-04-06 19:20:33 Debug: Notice (1024): Please change the value of 'Security.salt' in app/config/core.php to a salt value specific to your application in [CORE\cake\libs\debugger.php, line 535]
2008-04-06 19:52:59 Debug: Notice (1024): Please change the value of 'Security.salt' in app/config/core.php to a salt value specific to your application in [CORE\cake\libs\debugger.php, line 535]
2008-04-06 19:53:11 Debug: Notice (1024): Please change the value of 'Security.salt' in app/config/core.php to a salt value specific to your application in [CORE\cake\libs\debugger.php, line 535]
2008-04-06 19:53:17 Debug: Notice (1024): Please change the value of 'Security.salt' in app/config/core.php to a salt value specific to your application in [CORE\cake\libs\debugger.php, line 535]
2008-04-06 19:53:56 Debug: Notice (1024): Please change the value of 'Security.salt' in app/config/core.php to a salt value specific to your application in [CORE\cake\libs\debugger.php, line 535]
2008-04-06 19:53:57 Debug: Notice (1024): Please change the value of 'Security.salt' in app/config/core.php to a salt value specific to your application in [CORE\cake\libs\debugger.php, line 535]
2008-04-06 19:53:57 Debug: Notice (1024): Please change the value of 'Security.salt' in app/config/core.php to a salt value specific to your application in [CORE\cake\libs\debugger.php, line 535]
2008-04-06 20:07:54 Debug: Notice (1024): Please change the value of 'Security.salt' in app/config/core.php to a salt value specific to your application in [CORE\cake\libs\debugger.php, line 535]
2008-04-06 20:10:36 Debug: Notice (1024): Please change the value of 'Security.salt' in app/config/core.php to a salt value specific to your application in [CORE\cake\libs\debugger.php, line 535]
2008-04-06 20:44:00 Debug: Notice (1024): Method input() is deprecated in HtmlHelper: see FormHelper::input or FormHelper::text in [CORE\cake\libs\view\helpers\html.php, line 735]
2008-04-06 20:44:00 Debug: Notice (1024): Method tagErrorMsg() is deprecated in HtmlHelper: see FormHelper::error in [CORE\cake\libs\view\helpers\html.php, line 801]
2008-04-06 20:44:00 Debug: Notice (1024): Method textarea() is deprecated in HtmlHelper: see FormHelper::input or FormHelper::textarea in [CORE\cake\libs\view\helpers\html.php, line 659]
2008-04-06 20:45:14 Debug: Notice (8): Undefined variable: htmlHelper in [APP\views\posts\add.thtml, line 5]
2008-04-06 20:45:59 Debug: Notice (8): Undefined variable: formHelper in [APP\views\posts\add.thtml, line 5]
2008-04-06 20:46:20 Debug: Notice (1024): Method input() is deprecated in HtmlHelper: see FormHelper::input or FormHelper::text in [CORE\cake\libs\view\helpers\html.php, line 735]
2008-04-06 20:46:20 Debug: Notice (1024): Method tagErrorMsg() is deprecated in HtmlHelper: see FormHelper::error in [CORE\cake\libs\view\helpers\html.php, line 801]
2008-04-06 20:46:20 Debug: Notice (1024): Method textarea() is deprecated in HtmlHelper: see FormHelper::input or FormHelper::textarea in [CORE\cake\libs\view\helpers\html.php, line 659]
2008-04-06 20:51:03 Debug: Notice (1024): Method input() is deprecated in HtmlHelper: see FormHelper::input or FormHelper::text in [CORE\cake\libs\view\helpers\html.php, line 735]
2008-04-06 20:51:03 Debug: Notice (1024): Method tagErrorMsg() is deprecated in HtmlHelper: see FormHelper::error in [CORE\cake\libs\view\helpers\html.php, line 801]
2008-04-06 20:51:03 Debug: Notice (1024): Method textarea() is deprecated in HtmlHelper: see FormHelper::input or FormHelper::textarea in [CORE\cake\libs\view\helpers\html.php, line 659]
2008-04-06 20:51:43 Debug: Notice (1024): Method input() is deprecated in HtmlHelper: see FormHelper::input or FormHelper::text in [CORE\cake\libs\view\helpers\html.php, line 735]
2008-04-06 20:51:43 Debug: Notice (1024): Method textarea() is deprecated in HtmlHelper: see FormHelper::input or FormHelper::textarea in [CORE\cake\libs\view\helpers\html.php, line 659]
